<?xml version="1.0" encoding="UTF-8"?>
<!-- Generated by org.testng.reporters.JUnitXMLReporter -->
<testsuite hostname="ESMADLPT075" ignored="0" name="filter Order by" tests="4" failures="1" timestamp="27 jul 2018 18:41:46 GMT" time="0.801" errors="0">
  <testcase name="TestFilterOrderByCompararion" time="0.272" classname="es.payvision.tests.TestFilterOrderBy"/>
  <testcase name="TestFilterOrderByDateComparedById" time="0.275" classname="es.payvision.tests.TestFilterOrderBy">
    <failure type="java.lang.AssertionError" message="null">
      <![CDATA[java.lang.AssertionError: null
at es.payvision.tests.TestFilterOrderBy.TestFilterOrderByDateComparedById(TestFilterOrderBy.java:104)
... Removed 28 stack frames]]>
    </failure>
  </testcase> <!-- TestFilterOrderByDateComparedById -->
  <testcase name="TestFilterOrderBySuccessfull" time="0.127" classname="es.payvision.tests.TestFilterOrderBy"/>
  <testcase name="TestFilterOrderByUnsuccessfull" time="0.122" classname="es.payvision.tests.TestFilterOrderBy"/>
</testsuite> <!-- filter Order by -->
